[15:46:35] [main/INFO]: Environment: authHost='https://authserver.mojang.com', accountsHost='https://api.mojang.com', sessionHost='https://sessionserver.mojang.com', servicesHost='https://api.minecraftservices.com', name='PROD'
[15:46:36] [main/INFO]: Reloading ResourceManager: Default, bukkit
[15:46:37] [Worker-Main-14/INFO]: Loaded 7 recipes
[15:46:38] [Server thread/INFO]: Starting minecraft server version 1.16.5
[15:46:38] [Server thread/INFO]: Loading properties
[15:46:38] [Server thread/INFO]: This server is running CraftBukkit version 3096-Spigot-9fb885e-296df56 (MC: 1.16.5) (Implementing API version 1.16.5-R0.1-SNAPSHOT)
[15:46:38] [Server thread/INFO]: Using 4 threads for Netty based IO
[15:46:38] [Server thread/INFO]: Server Ping Player Sample Count: 12
[15:46:38] [Server thread/INFO]: Debug logging is disabled
[15:46:38] [Server thread/INFO]: Default game type: SURVIVAL
[15:46:38] [Server thread/INFO]: Generating keypair
[15:46:38] [Server thread/INFO]: Starting Minecraft server on *:25565
[15:46:38] [Server thread/INFO]: Using default channel type
[15:46:39] [Server thread/INFO]: Preparing level "world"
[15:46:39] [Server thread/INFO]: -------- World Settings For [world] --------
[15:46:39] [Server thread/INFO]: Zombie Aggressive Towards Villager: true
[15:46:39] [Server thread/INFO]: Entity Tracking Range: Pl 48 / An 48 / Mo 48 / Mi 32 / Other 64
[15:46:39] [Server thread/INFO]: View Distance: 10
[15:46:39] [Server thread/INFO]: Item Despawn Rate: 6000
[15:46:39] [Server thread/INFO]: Item Merge Radius: 2.5
[15:46:39] [Server thread/INFO]: Allow Zombie Pigmen to spawn from portal blocks: true
[15:46:39] [Server thread/INFO]: Arrow Despawn Rate: 1200 Trident Respawn Rate:1200
[15:46:39] [Server thread/INFO]: Nerfing mobs spawned from spawners: false
[15:46:39] [Server thread/INFO]: Hopper Transfer: 8 Hopper Check: 1 Hopper Amount: 1
[15:46:39] [Server thread/INFO]: Mob Spawn Range: 6
[15:46:39] [Server thread/INFO]: Cactus Growth Modifier: 100%
[15:46:39] [Server thread/INFO]: Cane Growth Modifier: 100%
[15:46:39] [Server thread/INFO]: Melon Growth Modifier: 100%
[15:46:39] [Server thread/INFO]: Mushroom Growth Modifier: 100%
[15:46:39] [Server thread/INFO]: Pumpkin Growth Modifier: 100%
[15:46:39] [Server thread/INFO]: Sapling Growth Modifier: 100%
[15:46:39] [Server thread/INFO]: Beetroot Growth Modifier: 100%
[15:46:39] [Server thread/INFO]: Carrot Growth Modifier: 100%
[15:46:39] [Server thread/INFO]: Potato Growth Modifier: 100%
[15:46:39] [Server thread/INFO]: Wheat Growth Modifier: 100%
[15:46:39] [Server thread/INFO]: NetherWart Growth Modifier: 100%
[15:46:39] [Server thread/INFO]: Vine Growth Modifier: 100%
[15:46:39] [Server thread/INFO]: Cocoa Growth Modifier: 100%
[15:46:39] [Server thread/INFO]: Bamboo Growth Modifier: 100%
[15:46:39] [Server thread/INFO]: SweetBerry Growth Modifier: 100%
[15:46:39] [Server thread/INFO]: Kelp Growth Modifier: 100%
[15:46:39] [Server thread/INFO]: Experience Merge Radius: 3.0
[15:46:39] [Server thread/INFO]: Entity Activation Range: An 32 / Mo 32 / Ra 48 / Mi 16 / Tiv true
[15:46:39] [Server thread/INFO]: Max TNT Explosions: 100
[15:46:39] [Server thread/INFO]: Tile Max Tick Time: 50ms Entity max Tick Time: 50ms
[15:46:39] [Server thread/INFO]: Custom Map Seeds:  Village: 10387312 Desert: 14357617 Igloo: 14357618 Jungle: 14357619 Swamp: 14357620 Monument: 10387313 Ocean: 14357621 Shipwreck: 165745295 End City: 10387313 Slime: 987234911 Bastion: 30084232 Fortress: 30084232 Mansion: 10387319 Fossil: 14357921 Portal: 34222645
[15:46:39] [Server thread/INFO]: -------- World Settings For [world_nether] --------
[15:46:39] [Server thread/INFO]: Zombie Aggressive Towards Villager: true
[15:46:39] [Server thread/INFO]: Entity Tracking Range: Pl 48 / An 48 / Mo 48 / Mi 32 / Other 64
[15:46:39] [Server thread/INFO]: View Distance: 10
[15:46:39] [Server thread/INFO]: Item Despawn Rate: 6000
[15:46:39] [Server thread/INFO]: Item Merge Radius: 2.5
[15:46:39] [Server thread/INFO]: Allow Zombie Pigmen to spawn from portal blocks: true
[15:46:39] [Server thread/INFO]: Arrow Despawn Rate: 1200 Trident Respawn Rate:1200
[15:46:39] [Server thread/INFO]: Nerfing mobs spawned from spawners: false
[15:46:39] [Server thread/INFO]: Hopper Transfer: 8 Hopper Check: 1 Hopper Amount: 1
[15:46:39] [Server thread/INFO]: Mob Spawn Range: 6
[15:46:39] [Server thread/INFO]: Cactus Growth Modifier: 100%
[15:46:39] [Server thread/INFO]: Cane Growth Modifier: 100%
[15:46:39] [Server thread/INFO]: Melon Growth Modifier: 100%
[15:46:39] [Server thread/INFO]: Mushroom Growth Modifier: 100%
[15:46:39] [Server thread/INFO]: Pumpkin Growth Modifier: 100%
[15:46:39] [Server thread/INFO]: Sapling Growth Modifier: 100%
[15:46:39] [Server thread/INFO]: Beetroot Growth Modifier: 100%
[15:46:39] [Server thread/INFO]: Carrot Growth Modifier: 100%
[15:46:39] [Server thread/INFO]: Potato Growth Modifier: 100%
[15:46:39] [Server thread/INFO]: Wheat Growth Modifier: 100%
[15:46:39] [Server thread/INFO]: NetherWart Growth Modifier: 100%
[15:46:39] [Server thread/INFO]: Vine Growth Modifier: 100%
[15:46:39] [Server thread/INFO]: Cocoa Growth Modifier: 100%
[15:46:39] [Server thread/INFO]: Bamboo Growth Modifier: 100%
[15:46:39] [Server thread/INFO]: SweetBerry Growth Modifier: 100%
[15:46:39] [Server thread/INFO]: Kelp Growth Modifier: 100%
[15:46:39] [Server thread/INFO]: Experience Merge Radius: 3.0
[15:46:39] [Server thread/INFO]: Entity Activation Range: An 32 / Mo 32 / Ra 48 / Mi 16 / Tiv true
[15:46:39] [Server thread/INFO]: Max TNT Explosions: 100
[15:46:39] [Server thread/INFO]: Tile Max Tick Time: 50ms Entity max Tick Time: 50ms
[15:46:39] [Server thread/INFO]: Custom Map Seeds:  Village: 10387312 Desert: 14357617 Igloo: 14357618 Jungle: 14357619 Swamp: 14357620 Monument: 10387313 Ocean: 14357621 Shipwreck: 165745295 End City: 10387313 Slime: 987234911 Bastion: 30084232 Fortress: 30084232 Mansion: 10387319 Fossil: 14357921 Portal: 34222645
[15:46:39] [Server thread/INFO]: -------- World Settings For [world_the_end] --------
[15:46:39] [Server thread/INFO]: Zombie Aggressive Towards Villager: true
[15:46:39] [Server thread/INFO]: Entity Tracking Range: Pl 48 / An 48 / Mo 48 / Mi 32 / Other 64
[15:46:39] [Server thread/INFO]: View Distance: 10
[15:46:39] [Server thread/INFO]: Item Despawn Rate: 6000
[15:46:39] [Server thread/INFO]: Item Merge Radius: 2.5
[15:46:39] [Server thread/INFO]: Allow Zombie Pigmen to spawn from portal blocks: true
[15:46:39] [Server thread/INFO]: Arrow Despawn Rate: 1200 Trident Respawn Rate:1200
[15:46:39] [Server thread/INFO]: Nerfing mobs spawned from spawners: false
[15:46:39] [Server thread/INFO]: Hopper Transfer: 8 Hopper Check: 1 Hopper Amount: 1
[15:46:39] [Server thread/INFO]: Mob Spawn Range: 6
[15:46:39] [Server thread/INFO]: Cactus Growth Modifier: 100%
[15:46:39] [Server thread/INFO]: Cane Growth Modifier: 100%
[15:46:39] [Server thread/INFO]: Melon Growth Modifier: 100%
[15:46:39] [Server thread/INFO]: Mushroom Growth Modifier: 100%
[15:46:39] [Server thread/INFO]: Pumpkin Growth Modifier: 100%
[15:46:39] [Server thread/INFO]: Sapling Growth Modifier: 100%
[15:46:39] [Server thread/INFO]: Beetroot Growth Modifier: 100%
[15:46:39] [Server thread/INFO]: Carrot Growth Modifier: 100%
[15:46:39] [Server thread/INFO]: Potato Growth Modifier: 100%
[15:46:39] [Server thread/INFO]: Wheat Growth Modifier: 100%
[15:46:39] [Server thread/INFO]: NetherWart Growth Modifier: 100%
[15:46:39] [Server thread/INFO]: Vine Growth Modifier: 100%
[15:46:39] [Server thread/INFO]: Cocoa Growth Modifier: 100%
[15:46:39] [Server thread/INFO]: Bamboo Growth Modifier: 100%
[15:46:39] [Server thread/INFO]: SweetBerry Growth Modifier: 100%
[15:46:39] [Server thread/INFO]: Kelp Growth Modifier: 100%
[15:46:39] [Server thread/INFO]: Experience Merge Radius: 3.0
[15:46:39] [Server thread/INFO]: Entity Activation Range: An 32 / Mo 32 / Ra 48 / Mi 16 / Tiv true
[15:46:39] [Server thread/INFO]: Max TNT Explosions: 100
[15:46:39] [Server thread/INFO]: Tile Max Tick Time: 50ms Entity max Tick Time: 50ms
[15:46:39] [Server thread/INFO]: Custom Map Seeds:  Village: 10387312 Desert: 14357617 Igloo: 14357618 Jungle: 14357619 Swamp: 14357620 Monument: 10387313 Ocean: 14357621 Shipwreck: 165745295 End City: 10387313 Slime: 987234911 Bastion: 30084232 Fortress: 30084232 Mansion: 10387319 Fossil: 14357921 Portal: 34222645
[15:46:39] [Server thread/INFO]: Preparing start region for dimension minecraft:overworld
[15:46:41] [Server thread/INFO]: Preparing spawn area: 0%
[15:46:41] [Server thread/INFO]: Preparing spawn area: 0%
[15:46:41] [Server thread/INFO]: Preparing spawn area: 0%
[15:46:41] [Server thread/INFO]: Preparing spawn area: 16%
[15:46:43] [Worker-Main-13/INFO]: Preparing spawn area: 83%
[15:46:43] [Worker-Main-11/INFO]: Preparing spawn area: 83%
[15:46:43] [Worker-Main-13/INFO]: Preparing spawn area: 83%
[15:46:43] [Worker-Main-11/INFO]: Preparing spawn area: 83%
[15:46:44] [Worker-Main-14/INFO]: Preparing spawn area: 83%
[15:46:44] [Worker-Main-11/INFO]: Preparing spawn area: 83%
[15:46:44] [Worker-Main-13/INFO]: Preparing spawn area: 83%
[15:46:45] [Worker-Main-8/INFO]: Preparing spawn area: 83%
[15:46:45] [Server thread/INFO]: Preparing spawn area: 84%
[15:46:46] [Worker-Main-9/INFO]: Preparing spawn area: 89%
[15:46:46] [Worker-Main-10/INFO]: Preparing spawn area: 98%
[15:46:47] [Server thread/INFO]: Time elapsed: 7106 ms
[15:46:47] [Server thread/INFO]: Preparing start region for dimension minecraft:the_nether
[15:46:47] [Server thread/INFO]: Preparing spawn area: 0%
[15:46:47] [Server thread/INFO]: Preparing spawn area: 0%
[15:46:48] [Worker-Main-14/INFO]: Preparing spawn area: 83%
[15:46:48] [Worker-Main-9/INFO]: Preparing spawn area: 83%
[15:46:49] [Worker-Main-9/INFO]: Preparing spawn area: 83%
[15:46:49] [Worker-Main-10/INFO]: Preparing spawn area: 89%
[15:46:50] [Server thread/INFO]: Time elapsed: 2984 ms
[15:46:50] [Server thread/INFO]: Preparing start region for dimension minecraft:the_end
[15:46:50] [Server thread/INFO]: Preparing spawn area: 0%
[15:46:50] [Worker-Main-13/INFO]: Preparing spawn area: 83%
[15:46:50] [Server thread/INFO]: Time elapsed: 685 ms
[15:46:50] [Server thread/INFO]: Server permissions file permissions.yml is empty, ignoring it
[15:46:50] [Server thread/INFO]: Done (11.239s)! For help, type "help"
[15:47:19] [User Authenticator #1/INFO]: UUID of player andromda is 70c7c536-59a3-457e-96dd-456cecd336bf
[15:47:20] [Server thread/INFO]: andromda[/127.0.0.1:51696] logged in with entity id 110 at ([world]1.5, 70.0, 7.5)
